Determining if the Q_WS_WIN exist failed with the following output:
Change Dir: /home/salabeta/DaniKapi/componente/build/CMakeFiles/CMakeTmp

Run Build Command:"/usr/bin/make" "cmTryCompileExec3451507274/fast"
/usr/bin/make -f CMakeFiles/cmTryCompileExec3451507274.dir/build.make CMakeFiles/cmTryCompileExec3451507274.dir/build
make[1]: Entering directory '/home/salabeta/DaniKapi/componente/build/CMakeFiles/CMakeTmp'
/usr/bin/cmake -E cmake_progress_report /home/salabeta/DaniKapi/componente/build/CMakeFiles/CMakeTmp/CMakeFiles 1
Building CXX object CMakeFiles/cmTryCompileExec3451507274.dir/CheckSymbolExists.cxx.o
/usr/bin/c++    -I/usr/include/qt4    -o CMakeFiles/cmTryCompileExec3451507274.dir/CheckSymbolExists.cxx.o -c /home/salabeta/DaniKapi/componente/build/CMakeFiles/CMakeTmp/CheckSymbolExists.cxx
/home/salabeta/DaniKapi/componente/build/CMakeFiles/CMakeTmp/CheckSymbolExists.cxx: In function ‘int main(int, char**)’:
/home/salabeta/DaniKapi/componente/build/CMakeFiles/CMakeTmp/CheckSymbolExists.cxx:8:19: error: ‘Q_WS_WIN’ was not declared in this scope
   return ((int*)(&Q_WS_WIN))[argc];
                   ^
CMakeFiles/cmTryCompileExec3451507274.dir/build.make:57: recipe for target 'CMakeFiles/cmTryCompileExec3451507274.dir/CheckSymbolExists.cxx.o' failed
make[1]: Leaving directory '/home/salabeta/DaniKapi/componente/build/CMakeFiles/CMakeTmp'
make[1]: *** [CMakeFiles/cmTryCompileExec3451507274.dir/CheckSymbolExists.cxx.o] Error 1
Makefile:118: recipe for target 'cmTryCompileExec3451507274/fast' failed
make: *** [cmTryCompileExec3451507274/fast] Error 2

File /home/salabeta/DaniKapi/componente/build/CMakeFiles/CMakeTmp/CheckSymbolExists.cxx:
/* */
#include <QtCore/qglobal.h>

int main(int argc, char** argv)
{
  (void)argv;
#ifndef Q_WS_WIN
  return ((int*)(&Q_WS_WIN))[argc];
#else
  (void)argc;
  return 0;
#endif
}

Determining if the Q_WS_QWS exist failed with the following output:
Change Dir: /home/salabeta/DaniKapi/componente/build/CMakeFiles/CMakeTmp

Run Build Command:"/usr/bin/make" "cmTryCompileExec2630401452/fast"
/usr/bin/make -f CMakeFiles/cmTryCompileExec2630401452.dir/build.make CMakeFiles/cmTryCompileExec2630401452.dir/build
make[1]: Entering directory '/home/salabeta/DaniKapi/componente/build/CMakeFiles/CMakeTmp'
/usr/bin/cmake -E cmake_progress_report /home/salabeta/DaniKapi/componente/build/CMakeFiles/CMakeTmp/CMakeFiles 1
Building CXX object CMakeFiles/cmTryCompileExec2630401452.dir/CheckSymbolExists.cxx.o
/usr/bin/c++    -I/usr/include/qt4    -o CMakeFiles/cmTryCompileExec2630401452.dir/CheckSymbolExists.cxx.o -c /home/salabeta/DaniKapi/componente/build/CMakeFiles/CMakeTmp/CheckSymbolExists.cxx
/home/salabeta/DaniKapi/componente/build/CMakeFiles/CMakeTmp/CheckSymbolExists.cxx: In function ‘int main(int, char**)’:
/home/salabeta/DaniKapi/componente/build/CMakeFiles/CMakeTmp/CheckSymbolExists.cxx:8:19: error: ‘Q_WS_QWS’ was not declared in this scope
   return ((int*)(&Q_WS_QWS))[argc];
                   ^
CMakeFiles/cmTryCompileExec2630401452.dir/build.make:57: recipe for target 'CMakeFiles/cmTryCompileExec2630401452.dir/CheckSymbolExists.cxx.o' failed
make[1]: *** [CMakeFiles/cmTryCompileExec2630401452.dir/CheckSymbolExists.cxx.o] Error 1
make[1]: Leaving directory '/home/salabeta/DaniKapi/componente/build/CMakeFiles/CMakeTmp'
Makefile:118: recipe for target 'cmTryCompileExec2630401452/fast' failed
make: *** [cmTryCompileExec2630401452/fast] Error 2

File /home/salabeta/DaniKapi/componente/build/CMakeFiles/CMakeTmp/CheckSymbolExists.cxx:
/* */
#include <QtCore/qglobal.h>

int main(int argc, char** argv)
{
  (void)argv;
#ifndef Q_WS_QWS
  return ((int*)(&Q_WS_QWS))[argc];
#else
  (void)argc;
  return 0;
#endif
}

Determining if the Q_WS_MAC exist failed with the following output:
Change Dir: /home/salabeta/DaniKapi/componente/build/CMakeFiles/CMakeTmp

Run Build Command:"/usr/bin/make" "cmTryCompileExec1997557873/fast"
/usr/bin/make -f CMakeFiles/cmTryCompileExec1997557873.dir/build.make CMakeFiles/cmTryCompileExec1997557873.dir/build
make[1]: Entering directory '/home/salabeta/DaniKapi/componente/build/CMakeFiles/CMakeTmp'
/usr/bin/cmake -E cmake_progress_report /home/salabeta/DaniKapi/componente/build/CMakeFiles/CMakeTmp/CMakeFiles 1
Building CXX object CMakeFiles/cmTryCompileExec1997557873.dir/CheckSymbolExists.cxx.o
/usr/bin/c++    -I/usr/include/qt4    -o CMakeFiles/cmTryCompileExec1997557873.dir/CheckSymbolExists.cxx.o -c /home/salabeta/DaniKapi/componente/build/CMakeFiles/CMakeTmp/CheckSymbolExists.cxx
/home/salabeta/DaniKapi/componente/build/CMakeFiles/CMakeTmp/CheckSymbolExists.cxx: In function ‘int main(int, char**)’:
/home/salabeta/DaniKapi/componente/build/CMakeFiles/CMakeTmp/CheckSymbolExists.cxx:8:19: error: ‘Q_WS_MAC’ was not declared in this scope
   return ((int*)(&Q_WS_MAC))[argc];
                   ^
CMakeFiles/cmTryCompileExec1997557873.dir/build.make:57: recipe for target 'CMakeFiles/cmTryCompileExec1997557873.dir/CheckSymbolExists.cxx.o' failed
make[1]: Leaving directory '/home/salabeta/DaniKapi/componente/build/CMakeFiles/CMakeTmp'
make[1]: *** [CMakeFiles/cmTryCompileExec1997557873.dir/CheckSymbolExists.cxx.o] Error 1
Makefile:118: recipe for target 'cmTryCompileExec1997557873/fast' failed
make: *** [cmTryCompileExec1997557873/fast] Error 2

File /home/salabeta/DaniKapi/componente/build/CMakeFiles/CMakeTmp/CheckSymbolExists.cxx:
/* */
#include <QtCore/qglobal.h>

int main(int argc, char** argv)
{
  (void)argv;
#ifndef Q_WS_MAC
  return ((int*)(&Q_WS_MAC))[argc];
#else
  (void)argc;
  return 0;
#endif
}

